\\home.org.aalto.fi\tjniemi\data\desktop\swmm-dev\src\vs2017-cle\release\vc141.pdb
\\home.org.aalto.fi\tjniemi\data\desktop\swmm-dev\src\vs2017-cle\release\inputrpt.obj
\\home.org.aalto.fi\tjniemi\data\desktop\swmm-dev\src\vs2017-cle\release\input.obj
\\home.org.aalto.fi\tjniemi\data\desktop\swmm-dev\src\vs2017-cle\release\inflow.obj
\\home.org.aalto.fi\tjniemi\data\desktop\swmm-dev\src\vs2017-cle\release\infil.obj
\\home.org.aalto.fi\tjniemi\data\desktop\swmm-dev\src\vs2017-cle\release\iface.obj
\\home.org.aalto.fi\tjniemi\data\desktop\swmm-dev\src\vs2017-cle\release\hotstart.obj
\\home.org.aalto.fi\tjniemi\data\desktop\swmm-dev\src\vs2017-cle\release\hash.obj
\\home.org.aalto.fi\tjniemi\data\desktop\swmm-dev\src\vs2017-cle\release\gwater.obj
\\home.org.aalto.fi\tjniemi\data\desktop\swmm-dev\src\vs2017-cle\release\gage.obj
\\home.org.aalto.fi\tjniemi\data\desktop\swmm-dev\src\vs2017-cle\release\forcmain.obj
\\home.org.aalto.fi\tjniemi\data\desktop\swmm-dev\src\vs2017-cle\release\flowrout.obj
\\home.org.aalto.fi\tjniemi\data\desktop\swmm-dev\src\vs2017-cle\release\findroot.obj
\\home.org.aalto.fi\tjniemi\data\desktop\swmm-dev\src\vs2017-cle\release\exfil.obj
\\home.org.aalto.fi\tjniemi\data\desktop\swmm-dev\src\vs2017-cle\release\error.obj
\\home.org.aalto.fi\tjniemi\data\desktop\swmm-dev\src\vs2017-cle\release\dynwave.obj
\\home.org.aalto.fi\tjniemi\data\desktop\swmm-dev\src\vs2017-cle\release\dwflow.obj
\\home.org.aalto.fi\tjniemi\data\desktop\swmm-dev\src\vs2017-cle\release\datetime.obj
\\home.org.aalto.fi\tjniemi\data\desktop\swmm-dev\src\vs2017-cle\release\culvert.obj
\\home.org.aalto.fi\tjniemi\data\desktop\swmm-dev\src\vs2017-cle\release\controls.obj
\\home.org.aalto.fi\tjniemi\data\desktop\swmm-dev\src\vs2017-cle\release\climate.obj
\\home.org.aalto.fi\tjniemi\data\desktop\swmm-dev\src\vs2017-cle\release\runoff.obj
\\home.org.aalto.fi\tjniemi\data\desktop\swmm-dev\src\vs2017-cle\release\routing.obj
\\home.org.aalto.fi\tjniemi\data\desktop\swmm-dev\src\vs2017-cle\release\roadway.obj
\\home.org.aalto.fi\tjniemi\data\desktop\swmm-dev\src\vs2017-cle\release\report.obj
\\home.org.aalto.fi\tjniemi\data\desktop\swmm-dev\src\vs2017-cle\release\rdii.obj
\\home.org.aalto.fi\tjniemi\data\desktop\swmm-dev\src\vs2017-cle\release\rain.obj
\\home.org.aalto.fi\tjniemi\data\desktop\swmm-dev\src\vs2017-cle\release\qualrout.obj
\\home.org.aalto.fi\tjniemi\data\desktop\swmm-dev\src\vs2017-cle\release\project.obj
\\home.org.aalto.fi\tjniemi\data\desktop\swmm-dev\src\vs2017-cle\release\output.obj
\\home.org.aalto.fi\tjniemi\data\desktop\swmm-dev\src\vs2017-cle\release\odesolve.obj
\\home.org.aalto.fi\tjniemi\data\desktop\swmm-dev\src\vs2017-cle\release\node.obj
\\home.org.aalto.fi\tjniemi\data\desktop\swmm-dev\src\vs2017-cle\release\mempool.obj
\\home.org.aalto.fi\tjniemi\data\desktop\swmm-dev\src\vs2017-cle\release\mathexpr.obj
\\home.org.aalto.fi\tjniemi\data\desktop\swmm-dev\src\vs2017-cle\release\massbal.obj
\\home.org.aalto.fi\tjniemi\data\desktop\swmm-dev\src\vs2017-cle\release\link.obj
\\home.org.aalto.fi\tjniemi\data\desktop\swmm-dev\src\vs2017-cle\release\lidproc.obj
\\home.org.aalto.fi\tjniemi\data\desktop\swmm-dev\src\vs2017-cle\release\lid.obj
\\home.org.aalto.fi\tjniemi\data\desktop\swmm-dev\src\vs2017-cle\release\landuse.obj
\\home.org.aalto.fi\tjniemi\data\desktop\swmm-dev\src\vs2017-cle\release\kinwave.obj
\\home.org.aalto.fi\tjniemi\data\desktop\swmm-dev\src\vs2017-cle\release\keywords.obj
\\home.org.aalto.fi\tjniemi\data\desktop\swmm-dev\src\vs2017-cle\release\xsect.obj
\\home.org.aalto.fi\tjniemi\data\desktop\swmm-dev\src\vs2017-cle\release\treatmnt.obj
\\home.org.aalto.fi\tjniemi\data\desktop\swmm-dev\src\vs2017-cle\release\transect.obj
\\home.org.aalto.fi\tjniemi\data\desktop\swmm-dev\src\vs2017-cle\release\toposort.obj
\\home.org.aalto.fi\tjniemi\data\desktop\swmm-dev\src\vs2017-cle\release\table.obj
\\home.org.aalto.fi\tjniemi\data\desktop\swmm-dev\src\vs2017-cle\release\swmm5.obj
\\home.org.aalto.fi\tjniemi\data\desktop\swmm-dev\src\vs2017-cle\release\surfqual.obj
\\home.org.aalto.fi\tjniemi\data\desktop\swmm-dev\src\vs2017-cle\release\subcatch.obj
\\home.org.aalto.fi\tjniemi\data\desktop\swmm-dev\src\vs2017-cle\release\statsrpt.obj
\\home.org.aalto.fi\tjniemi\data\desktop\swmm-dev\src\vs2017-cle\release\stats.obj
\\home.org.aalto.fi\tjniemi\data\desktop\swmm-dev\src\vs2017-cle\release\snow.obj
\\home.org.aalto.fi\tjniemi\data\desktop\swmm-dev\src\vs2017-cle\release\shape.obj
\\home.org.aalto.fi\tjniemi\data\desktop\swmm-dev\src\vs2017-cle\release\main.obj
\\home.org.aalto.fi\tjniemi\data\desktop\swmm-dev\src\vs2017-cle\release\swmm5.lib
\\home.org.aalto.fi\tjniemi\data\desktop\swmm-dev\src\vs2017-cle\release\swmm5.exp
\\home.org.aalto.fi\tjniemi\data\desktop\swmm-dev\src\vs2017-cle\release\swmm5.ipdb
\\home.org.aalto.fi\tjniemi\data\desktop\swmm-dev\src\vs2017-cle\release\swmm5.iobj
\\home.org.aalto.fi\tjniemi\data\desktop\swmm-dev\src\vs2017-cle\release\swmm5.exe
\\home.org.aalto.fi\tjniemi\data\desktop\swmm-dev\src\vs2017-cle\release\swmm5.pdb
\\home.org.aalto.fi\tjniemi\data\desktop\swmm-dev\src\vs2017-cle\release\vs2017-cle.tlog\cl.read.1.tlog
\\home.org.aalto.fi\tjniemi\data\desktop\swmm-dev\src\vs2017-cle\release\vs2017-cle.tlog\cl.write.1.tlog
\\home.org.aalto.fi\tjniemi\data\desktop\swmm-dev\src\vs2017-cle\release\vs2017-cle.tlog\cl.command.1.tlog
\\home.org.aalto.fi\tjniemi\data\desktop\swmm-dev\src\vs2017-cle\release\vs2017-cle.tlog\link.command.1.tlog
\\home.org.aalto.fi\tjniemi\data\desktop\swmm-dev\src\vs2017-cle\release\vs2017-cle.tlog\vs2017-cle.write.1u.tlog
\\home.org.aalto.fi\tjniemi\data\desktop\swmm-dev\src\vs2017-cle\release\vs2017-cle.tlog\link.read.1.tlog
\\home.org.aalto.fi\tjniemi\data\desktop\swmm-dev\src\vs2017-cle\release\vs2017-cle.tlog\link.write.1.tlog
