  climate.c
  controls.c
  culvert.c
  datetime.c
  dwflow.c
  dynwave.c
  error.c
  exfil.c
  findroot.c
  flowrout.c
  forcmain.c
  gage.c
  gwater.c
  hash.c
  hotstart.c
  iface.c
  infil.c
  inflow.c
  input.c
  inputrpt.c
  Compiling...
  keywords.c
  kinwave.c
  landuse.c
  lid.c
  lidproc.c
  link.c
  massbal.c
  mathexpr.c
  mempool.c
  node.c
  odesolve.c
  output.c
  project.c
  qualrout.c
  rain.c
  rdii.c
  report.c
  roadway.c
  routing.c
  runoff.c
  Compiling...
  shape.c
  snow.c
  stats.c
  statsrpt.c
  subcatch.c
  surfqual.c
  swmm5.c
  table.c
  toposort.c
  transect.c
  treatmnt.c
  xsect.c
  main.c
     Creating library \\home.org.aalto.fi\tjniemi\data\Desktop\swmm-dev\src\VS2017-CLE\Release\swmm5.lib and object \\home.org.aalto.fi\tjniemi\data\Desktop\swmm-dev\src\VS2017-CLE\Release\swmm5.exp
LINK : warning LNK4098: defaultlib 'LIBCMT' conflicts with use of other libs; use /NODEFAULTLIB:library
  Generating code
  All 878 functions were compiled because no usable IPDB/IOBJ from previous compilation was found.
  Finished generating code
  VS2017-CLE.vcxproj -> \\home.org.aalto.fi\tjniemi\data\Desktop\swmm-dev\src\VS2017-CLE\Release\swmm5.exe
