\\home.org.aalto.fi\tjniemi\data\desktop\swmm-dev\src\vs2017-cle\x64\release\vc141.pdb
\\home.org.aalto.fi\tjniemi\data\desktop\swmm-dev\src\vs2017-cle\x64\release\inputrpt.obj
\\home.org.aalto.fi\tjniemi\data\desktop\swmm-dev\src\vs2017-cle\x64\release\input.obj
\\home.org.aalto.fi\tjniemi\data\desktop\swmm-dev\src\vs2017-cle\x64\release\inflow.obj
\\home.org.aalto.fi\tjniemi\data\desktop\swmm-dev\src\vs2017-cle\x64\release\infil.obj
\\home.org.aalto.fi\tjniemi\data\desktop\swmm-dev\src\vs2017-cle\x64\release\iface.obj
\\home.org.aalto.fi\tjniemi\data\desktop\swmm-dev\src\vs2017-cle\x64\release\hotstart.obj
\\home.org.aalto.fi\tjniemi\data\desktop\swmm-dev\src\vs2017-cle\x64\release\hash.obj
\\home.org.aalto.fi\tjniemi\data\desktop\swmm-dev\src\vs2017-cle\x64\release\gwater.obj
\\home.org.aalto.fi\tjniemi\data\desktop\swmm-dev\src\vs2017-cle\x64\release\gage.obj
\\home.org.aalto.fi\tjniemi\data\desktop\swmm-dev\src\vs2017-cle\x64\release\forcmain.obj
\\home.org.aalto.fi\tjniemi\data\desktop\swmm-dev\src\vs2017-cle\x64\release\flowrout.obj
\\home.org.aalto.fi\tjniemi\data\desktop\swmm-dev\src\vs2017-cle\x64\release\findroot.obj
\\home.org.aalto.fi\tjniemi\data\desktop\swmm-dev\src\vs2017-cle\x64\release\exfil.obj
\\home.org.aalto.fi\tjniemi\data\desktop\swmm-dev\src\vs2017-cle\x64\release\error.obj
\\home.org.aalto.fi\tjniemi\data\desktop\swmm-dev\src\vs2017-cle\x64\release\dynwave.obj
\\home.org.aalto.fi\tjniemi\data\desktop\swmm-dev\src\vs2017-cle\x64\release\dwflow.obj
\\home.org.aalto.fi\tjniemi\data\desktop\swmm-dev\src\vs2017-cle\x64\release\datetime.obj
\\home.org.aalto.fi\tjniemi\data\desktop\swmm-dev\src\vs2017-cle\x64\release\culvert.obj
\\home.org.aalto.fi\tjniemi\data\desktop\swmm-dev\src\vs2017-cle\x64\release\controls.obj
\\home.org.aalto.fi\tjniemi\data\desktop\swmm-dev\src\vs2017-cle\x64\release\climate.obj
\\home.org.aalto.fi\tjniemi\data\desktop\swmm-dev\src\vs2017-cle\x64\release\routing.obj
\\home.org.aalto.fi\tjniemi\data\desktop\swmm-dev\src\vs2017-cle\x64\release\roadway.obj
\\home.org.aalto.fi\tjniemi\data\desktop\swmm-dev\src\vs2017-cle\x64\release\report.obj
\\home.org.aalto.fi\tjniemi\data\desktop\swmm-dev\src\vs2017-cle\x64\release\rdii.obj
\\home.org.aalto.fi\tjniemi\data\desktop\swmm-dev\src\vs2017-cle\x64\release\rain.obj
\\home.org.aalto.fi\tjniemi\data\desktop\swmm-dev\src\vs2017-cle\x64\release\qualrout.obj
\\home.org.aalto.fi\tjniemi\data\desktop\swmm-dev\src\vs2017-cle\x64\release\project.obj
\\home.org.aalto.fi\tjniemi\data\desktop\swmm-dev\src\vs2017-cle\x64\release\output.obj
\\home.org.aalto.fi\tjniemi\data\desktop\swmm-dev\src\vs2017-cle\x64\release\odesolve.obj
\\home.org.aalto.fi\tjniemi\data\desktop\swmm-dev\src\vs2017-cle\x64\release\node.obj
\\home.org.aalto.fi\tjniemi\data\desktop\swmm-dev\src\vs2017-cle\x64\release\mempool.obj
\\home.org.aalto.fi\tjniemi\data\desktop\swmm-dev\src\vs2017-cle\x64\release\mathexpr.obj
\\home.org.aalto.fi\tjniemi\data\desktop\swmm-dev\src\vs2017-cle\x64\release\massbal.obj
\\home.org.aalto.fi\tjniemi\data\desktop\swmm-dev\src\vs2017-cle\x64\release\main.obj
\\home.org.aalto.fi\tjniemi\data\desktop\swmm-dev\src\vs2017-cle\x64\release\link.obj
\\home.org.aalto.fi\tjniemi\data\desktop\swmm-dev\src\vs2017-cle\x64\release\lidproc.obj
\\home.org.aalto.fi\tjniemi\data\desktop\swmm-dev\src\vs2017-cle\x64\release\lid.obj
\\home.org.aalto.fi\tjniemi\data\desktop\swmm-dev\src\vs2017-cle\x64\release\landuse.obj
\\home.org.aalto.fi\tjniemi\data\desktop\swmm-dev\src\vs2017-cle\x64\release\kinwave.obj
\\home.org.aalto.fi\tjniemi\data\desktop\swmm-dev\src\vs2017-cle\x64\release\keywords.obj
\\home.org.aalto.fi\tjniemi\data\desktop\swmm-dev\src\vs2017-cle\x64\release\xsect.obj
\\home.org.aalto.fi\tjniemi\data\desktop\swmm-dev\src\vs2017-cle\x64\release\treatmnt.obj
\\home.org.aalto.fi\tjniemi\data\desktop\swmm-dev\src\vs2017-cle\x64\release\transect.obj
\\home.org.aalto.fi\tjniemi\data\desktop\swmm-dev\src\vs2017-cle\x64\release\toposort.obj
\\home.org.aalto.fi\tjniemi\data\desktop\swmm-dev\src\vs2017-cle\x64\release\table.obj
\\home.org.aalto.fi\tjniemi\data\desktop\swmm-dev\src\vs2017-cle\x64\release\swmm5.obj
\\home.org.aalto.fi\tjniemi\data\desktop\swmm-dev\src\vs2017-cle\x64\release\surfqual.obj
\\home.org.aalto.fi\tjniemi\data\desktop\swmm-dev\src\vs2017-cle\x64\release\subcatch.obj
\\home.org.aalto.fi\tjniemi\data\desktop\swmm-dev\src\vs2017-cle\x64\release\statsrpt.obj
\\home.org.aalto.fi\tjniemi\data\desktop\swmm-dev\src\vs2017-cle\x64\release\stats.obj
\\home.org.aalto.fi\tjniemi\data\desktop\swmm-dev\src\vs2017-cle\x64\release\snow.obj
\\home.org.aalto.fi\tjniemi\data\desktop\swmm-dev\src\vs2017-cle\x64\release\shape.obj
\\home.org.aalto.fi\tjniemi\data\desktop\swmm-dev\src\vs2017-cle\x64\release\runoff.obj
\\home.org.aalto.fi\tjniemi\data\desktop\swmm-dev\src\vs2017-cle\x64\release\vs2017-cle.lib
\\home.org.aalto.fi\tjniemi\data\desktop\swmm-dev\src\vs2017-cle\x64\release\vs2017-cle.exp
\\home.org.aalto.fi\tjniemi\data\desktop\swmm-dev\src\vs2017-cle\x64\release\vs2017-cle.ipdb
\\home.org.aalto.fi\tjniemi\data\desktop\swmm-dev\src\vs2017-cle\x64\release\vs2017-cle.iobj
\\home.org.aalto.fi\tjniemi\data\desktop\swmm-dev\src\vs2017-cle\x64\release\vs2017-cle.exe
\\home.org.aalto.fi\tjniemi\data\desktop\swmm-dev\src\vs2017-cle\x64\release\vs2017-cle.pdb
\\home.org.aalto.fi\tjniemi\data\desktop\swmm-dev\src\vs2017-cle\x64\release\vs2017-cle.tlog\cl.read.1.tlog
\\home.org.aalto.fi\tjniemi\data\desktop\swmm-dev\src\vs2017-cle\x64\release\vs2017-cle.tlog\cl.write.1.tlog
\\home.org.aalto.fi\tjniemi\data\desktop\swmm-dev\src\vs2017-cle\x64\release\vs2017-cle.tlog\cl.command.1.tlog
\\home.org.aalto.fi\tjniemi\data\desktop\swmm-dev\src\vs2017-cle\x64\release\vs2017-cle.tlog\link.command.1.tlog
\\home.org.aalto.fi\tjniemi\data\desktop\swmm-dev\src\vs2017-cle\x64\release\vs2017-cle.tlog\vs2017-cle.write.1u.tlog
\\home.org.aalto.fi\tjniemi\data\desktop\swmm-dev\src\vs2017-cle\x64\release\vs2017-cle.tlog\link.read.1.tlog
\\home.org.aalto.fi\tjniemi\data\desktop\swmm-dev\src\vs2017-cle\x64\release\vs2017-cle.tlog\link.write.1.tlog
